<?xml version="1.0" encoding="UTF-8"?>
<!-- Generated by org.testng.reporters.JUnitReportReporter -->
<testsuite skipped="0" hostname="Khaliunaas-MacBook-Pro.local" name="gov.healthdata.tests.HealthDataTests" tests="1" failures="0" timestamp="06 Aug 2018 18:42:23 GMT" time="6.426" errors="0">
  <testcase name="tagOptions" time="6.426" classname="gov.healthdata.tests.HealthDataTests"/>
</testsuite> <!-- gov.healthdata.tests.HealthDataTests -->
