<?xml version="1.0" encoding="UTF-8"?>
<!-- Generated by org.testng.reporters.JUnitReportReporter -->
<testsuite skipped="0" hostname="Ahmets-MacBook-Pro.local" name="gov.healthdata.tests.HealthDataTests" tests="1" failures="0" timestamp="29 Jul 2018 21:38:05 GMT" time="4.023" errors="0">
  <testcase name="EmptySearch" time="4.023" classname="gov.healthdata.tests.HealthDataTests"/>
</testsuite> <!-- gov.healthdata.tests.HealthDataTests -->
