<?xml version="1.0" encoding="UTF-8"?>
<!-- Generated by org.testng.reporters.JUnitReportReporter -->
<testsuite skipped="0" hostname="Ahmets-MacBook-Pro.local" name="gov.healthdata.tests.HealthDataTests" tests="1" failures="0" timestamp="29 Jul 2018 22:19:41 GMT" time="4.660" errors="0">
  <testcase name="ThreespaceSearch" time="4.660" classname="gov.healthdata.tests.HealthDataTests"/>
</testsuite> <!-- gov.healthdata.tests.HealthDataTests -->
