<?xml version="1.0" encoding="UTF-8"?>
<!-- Generated by org.testng.reporters.JUnitReportReporter -->
<testsuite skipped="0" hostname="DESKTOP-C9OMQNM" name="gov.healthdata.tests.HealthDataTests" tests="1" failures="0" timestamp="01 Aug 2018 17:52:34 GMT" time="7.991" errors="0">
  <testcase name="Verify_the_result_match_filter_keyword_topic_result" time="7.991" classname="gov.healthdata.tests.HealthDataTests"/>
</testsuite> <!-- gov.healthdata.tests.HealthDataTests -->
